Performing C SOURCE FILE Test CMAKE_HAVE_LIBC_PTHREAD failed with the following output:
Change Dir: /home/g/cadmium_concurrent_experiments/devstone/CMakeFiles/CMakeTmp

Run Build Command(s):/usr/bin/make cmTC_5a827/fast && /usr/bin/make -f CMakeFiles/cmTC_5a827.dir/build.make CMakeFiles/cmTC_5a827.dir/build
make[1]: Entering directory '/home/g/cadmium_concurrent_experiments/devstone/CMakeFiles/CMakeTmp'
Building C object CMakeFiles/cmTC_5a827.dir/src.c.o
/usr/bin/cc   -DCMAKE_HAVE_LIBC_PTHREAD   -o CMakeFiles/cmTC_5a827.dir/src.c.o   -c /home/g/cadmium_concurrent_experiments/devstone/CMakeFiles/CMakeTmp/src.c
Linking C executable cmTC_5a827
/usr/local/bin/cmake -E cmake_link_script CMakeFiles/cmTC_5a827.dir/link.txt --verbose=1
/usr/bin/cc  -DCMAKE_HAVE_LIBC_PTHREAD    CMakeFiles/cmTC_5a827.dir/src.c.o  -o cmTC_5a827 
CMakeFiles/cmTC_5a827.dir/src.c.o: In function `main':
src.c:(.text+0x3e): undefined reference to `pthread_create'
src.c:(.text+0x4a): undefined reference to `pthread_detach'
src.c:(.text+0x5b): undefined reference to `pthread_join'
src.c:(.text+0x6f): undefined reference to `pthread_atfork'
collect2: error: ld returned 1 exit status
CMakeFiles/cmTC_5a827.dir/build.make:86: recipe for target 'cmTC_5a827' failed
make[1]: *** [cmTC_5a827] Error 1
make[1]: Leaving directory '/home/g/cadmium_concurrent_experiments/devstone/CMakeFiles/CMakeTmp'
Makefile:121: recipe for target 'cmTC_5a827/fast' failed
make: *** [cmTC_5a827/fast] Error 2


Source file was:
#include <pthread.h>

void* test_func(void* data)
{
  return data;
}

int main(void)
{
  pthread_t thread;
  pthread_create(&thread, NULL, test_func, NULL);
  pthread_detach(thread);
  pthread_join(thread, NULL);
  pthread_atfork(NULL, NULL, NULL);
  pthread_exit(NULL);

  return 0;
}

Determining if the function pthread_create exists in the pthreads failed with the following output:
Change Dir: /home/g/cadmium_concurrent_experiments/devstone/CMakeFiles/CMakeTmp

Run Build Command(s):/usr/bin/make cmTC_f4059/fast && /usr/bin/make -f CMakeFiles/cmTC_f4059.dir/build.make CMakeFiles/cmTC_f4059.dir/build
make[1]: Entering directory '/home/g/cadmium_concurrent_experiments/devstone/CMakeFiles/CMakeTmp'
Building C object CMakeFiles/cmTC_f4059.dir/CheckFunctionExists.c.o
/usr/bin/cc   -DCHECK_FUNCTION_EXISTS=pthread_create   -o CMakeFiles/cmTC_f4059.dir/CheckFunctionExists.c.o   -c /usr/local/share/cmake-3.15/Modules/CheckFunctionExists.c
Linking C executable cmTC_f4059
/usr/local/bin/cmake -E cmake_link_script CMakeFiles/cmTC_f4059.dir/link.txt --verbose=1
/usr/bin/cc  -DCHECK_FUNCTION_EXISTS=pthread_create    CMakeFiles/cmTC_f4059.dir/CheckFunctionExists.c.o  -o cmTC_f4059 -lpthreads 
/usr/bin/ld: cannot find -lpthreads
collect2: error: ld returned 1 exit status
CMakeFiles/cmTC_f4059.dir/build.make:86: recipe for target 'cmTC_f4059' failed
make[1]: *** [cmTC_f4059] Error 1
make[1]: Leaving directory '/home/g/cadmium_concurrent_experiments/devstone/CMakeFiles/CMakeTmp'
Makefile:121: recipe for target 'cmTC_f4059/fast' failed
make: *** [cmTC_f4059/fast] Error 2



Determining if the pthread_create exist failed with the following output:
Change Dir: /home/g/MEGA/TrabajoCarleton2019/DEVSEnergiaJuan/cadmium_concurrent_experiments/devstone/CMakeFiles/CMakeTmp

Run Build Command:"/usr/bin/make" "cmTC_6293e/fast"
/usr/bin/make -f CMakeFiles/cmTC_6293e.dir/build.make CMakeFiles/cmTC_6293e.dir/build
make[1]: Entering directory '/home/g/MEGA/TrabajoCarleton2019/DEVSEnergiaJuan/cadmium_concurrent_experiments/devstone/CMakeFiles/CMakeTmp'
Building C object CMakeFiles/cmTC_6293e.dir/CheckSymbolExists.c.o
/usr/bin/cc    -o CMakeFiles/cmTC_6293e.dir/CheckSymbolExists.c.o   -c /home/g/MEGA/TrabajoCarleton2019/DEVSEnergiaJuan/cadmium_concurrent_experiments/devstone/CMakeFiles/CMakeTmp/CheckSymbolExists.c
Linking C executable cmTC_6293e
/usr/bin/cmake -E cmake_link_script CMakeFiles/cmTC_6293e.dir/link.txt --verbose=1
/usr/bin/cc      CMakeFiles/cmTC_6293e.dir/CheckSymbolExists.c.o  -o cmTC_6293e 
CMakeFiles/cmTC_6293e.dir/CheckSymbolExists.c.o: In function `main':
CheckSymbolExists.c:(.text+0x1b): undefined reference to `pthread_create'
collect2: error: ld returned 1 exit status
CMakeFiles/cmTC_6293e.dir/build.make:97: recipe for target 'cmTC_6293e' failed
make[1]: *** [cmTC_6293e] Error 1
make[1]: Leaving directory '/home/g/MEGA/TrabajoCarleton2019/DEVSEnergiaJuan/cadmium_concurrent_experiments/devstone/CMakeFiles/CMakeTmp'
Makefile:126: recipe for target 'cmTC_6293e/fast' failed
make: *** [cmTC_6293e/fast] Error 2

File /home/g/MEGA/TrabajoCarleton2019/DEVSEnergiaJuan/cadmium_concurrent_experiments/devstone/CMakeFiles/CMakeTmp/CheckSymbolExists.c:
/* */
#include <pthread.h>

int main(int argc, char** argv)
{
  (void)argv;
#ifndef pthread_create
  return ((int*)(&pthread_create))[argc];
#else
  (void)argc;
  return 0;
#endif
}

Determining if the function pthread_create exists in the pthreads failed with the following output:
Change Dir: /home/g/MEGA/TrabajoCarleton2019/DEVSEnergiaJuan/cadmium_concurrent_experiments/devstone/CMakeFiles/CMakeTmp

Run Build Command:"/usr/bin/make" "cmTC_06a76/fast"
/usr/bin/make -f CMakeFiles/cmTC_06a76.dir/build.make CMakeFiles/cmTC_06a76.dir/build
make[1]: Entering directory '/home/g/MEGA/TrabajoCarleton2019/DEVSEnergiaJuan/cadmium_concurrent_experiments/devstone/CMakeFiles/CMakeTmp'
Building C object CMakeFiles/cmTC_06a76.dir/CheckFunctionExists.c.o
/usr/bin/cc   -DCHECK_FUNCTION_EXISTS=pthread_create   -o CMakeFiles/cmTC_06a76.dir/CheckFunctionExists.c.o   -c /usr/share/cmake-3.10/Modules/CheckFunctionExists.c
Linking C executable cmTC_06a76
/usr/bin/cmake -E cmake_link_script CMakeFiles/cmTC_06a76.dir/link.txt --verbose=1
/usr/bin/cc  -DCHECK_FUNCTION_EXISTS=pthread_create    CMakeFiles/cmTC_06a76.dir/CheckFunctionExists.c.o  -o cmTC_06a76 -lpthreads 
/usr/bin/ld: cannot find -lpthreads
collect2: error: ld returned 1 exit status
CMakeFiles/cmTC_06a76.dir/build.make:97: recipe for target 'cmTC_06a76' failed
make[1]: *** [cmTC_06a76] Error 1
make[1]: Leaving directory '/home/g/MEGA/TrabajoCarleton2019/DEVSEnergiaJuan/cadmium_concurrent_experiments/devstone/CMakeFiles/CMakeTmp'
Makefile:126: recipe for target 'cmTC_06a76/fast' failed
make: *** [cmTC_06a76/fast] Error 2


Performing C SOURCE FILE Test CMAKE_HAVE_LIBC_PTHREAD failed with the following output:
Change Dir: /home/g/MEGA/TrabajoCarleton2019/DEVSEnergiaJuan/cadmium_concurrent_experiments/devstone/CMakeFiles/CMakeTmp

Run Build Command(s):/usr/bin/make cmTC_cf017/fast && /usr/bin/make -f CMakeFiles/cmTC_cf017.dir/build.make CMakeFiles/cmTC_cf017.dir/build
make[1]: Entering directory '/home/g/MEGA/TrabajoCarleton2019/DEVSEnergiaJuan/cadmium_concurrent_experiments/devstone/CMakeFiles/CMakeTmp'
Building C object CMakeFiles/cmTC_cf017.dir/src.c.o
/usr/bin/cc   -DCMAKE_HAVE_LIBC_PTHREAD   -o CMakeFiles/cmTC_cf017.dir/src.c.o   -c /home/g/MEGA/TrabajoCarleton2019/DEVSEnergiaJuan/cadmium_concurrent_experiments/devstone/CMakeFiles/CMakeTmp/src.c
Linking C executable cmTC_cf017
/usr/local/bin/cmake -E cmake_link_script CMakeFiles/cmTC_cf017.dir/link.txt --verbose=1
/usr/bin/cc  -DCMAKE_HAVE_LIBC_PTHREAD    CMakeFiles/cmTC_cf017.dir/src.c.o  -o cmTC_cf017 
CMakeFiles/cmTC_cf017.dir/src.c.o: In function `main':
src.c:(.text+0x3e): undefined reference to `pthread_create'
src.c:(.text+0x4a): undefined reference to `pthread_detach'
src.c:(.text+0x5b): undefined reference to `pthread_join'
src.c:(.text+0x6f): undefined reference to `pthread_atfork'
collect2: error: ld returned 1 exit status
CMakeFiles/cmTC_cf017.dir/build.make:86: recipe for target 'cmTC_cf017' failed
make[1]: *** [cmTC_cf017] Error 1
make[1]: Leaving directory '/home/g/MEGA/TrabajoCarleton2019/DEVSEnergiaJuan/cadmium_concurrent_experiments/devstone/CMakeFiles/CMakeTmp'
Makefile:121: recipe for target 'cmTC_cf017/fast' failed
make: *** [cmTC_cf017/fast] Error 2


Source file was:
#include <pthread.h>

void* test_func(void* data)
{
  return data;
}

int main(void)
{
  pthread_t thread;
  pthread_create(&thread, NULL, test_func, NULL);
  pthread_detach(thread);
  pthread_join(thread, NULL);
  pthread_atfork(NULL, NULL, NULL);
  pthread_exit(NULL);

  return 0;
}

